2018-11-15 09:38:27,852 [INFO] [main] io.turing.ApiApplication [StartupInfoLogger.java : 50] Starting ApiApplication on ChuMacBook-Pro.local with PID 2806 (/Users/code/x-security/turing-security/turing-api/target/classes started by chu in /Users/code/x-security/turing-security/turing-api)
2018-11-15 09:38:27,858 [INFO] [main] io.turing.ApiApplication [SpringApplication.java : 684] The following profiles are active: dev
2018-11-15 09:38:28,012 [INFO] [main] o.s.b.w.s.c.AnnotationConfigServletWebServerApplicationContext [AbstractApplicationContext.java : 590] Refreshing org.springframework.boot.web.servlet.context.AnnotationConfigServletWebServerApplicationContext@5136d012: startup date [Thu Nov 15 09:38:28 CST 2018]; root of context hierarchy
2018-11-15 09:38:29,332 [INFO] [main] o.s.data.repository.config.RepositoryConfigurationDelegate [RepositoryConfigurationDelegate.java : 172] Multiple Spring Data modules found, entering strict repository configuration mode!
2018-11-15 09:38:30,098 [INFO] [main] o.s.c.s.PostProcessorRegistrationDelegate$BeanPostProcessorChecker [PostProcessorRegistrationDelegate.java : 326] Bean 'org.springframework.transaction.annotation.ProxyTransactionManagementConfiguration' of type [org.springframework.transaction.annotation.ProxyTransactionManagementConfiguration$$EnhancerBySpringCGLIB$$de5fa88e] is not eligible for getting processed by all BeanPostProcessors (for example: not eligible for auto-proxying)
2018-11-15 09:38:30,922 [INFO] [main] org.springframework.boot.web.embedded.tomcat.TomcatWebServer [TomcatWebServer.java : 91] Tomcat initialized with port(s): 8081 (http)
2018-11-15 09:38:30,969 [INFO] [main] org.apache.catalina.core.StandardService [DirectJDKLog.java : 180] Starting service [Tomcat]
2018-11-15 09:38:30,969 [INFO] [main] org.apache.catalina.core.StandardEngine [DirectJDKLog.java : 180] Starting Servlet Engine: Apache Tomcat/8.5.34
2018-11-15 09:38:30,989 [INFO] [localhost-startStop-1] org.apache.catalina.core.AprLifecycleListener [DirectJDKLog.java : 180] The APR based Apache Tomcat Native library which allows optimal performance in production environments was not found on the java.library.path: [/Users/Library/Java/Extensions:/Library/Java/Extensions:/Network/Library/Java/Extensions:/System/Library/Java/Extensions:/usr/lib/java:.]
2018-11-15 09:38:31,158 [INFO] [localhost-startStop-1] o.a.c.core.ContainerBase.[Tomcat].[localhost].[/turing-api] [DirectJDKLog.java : 180] Initializing Spring embedded WebApplicationContext
2018-11-15 09:38:31,159 [INFO] [localhost-startStop-1] org.springframework.web.context.ContextLoader [ServletWebServerApplicationContext.java : 285] Root WebApplicationContext: initialization completed in 3147 ms
2018-11-15 09:38:31,330 [INFO] [localhost-startStop-1] org.springframework.boot.web.servlet.FilterRegistrationBean [AbstractFilterRegistrationBean.java : 245] Mapping filter: 'characterEncodingFilter' to: [/*]
2018-11-15 09:38:31,331 [INFO] [localhost-startStop-1] org.springframework.boot.web.servlet.FilterRegistrationBean [AbstractFilterRegistrationBean.java : 245] Mapping filter: 'hiddenHttpMethodFilter' to: [/*]
2018-11-15 09:38:31,331 [INFO] [localhost-startStop-1] org.springframework.boot.web.servlet.FilterRegistrationBean [AbstractFilterRegistrationBean.java : 245] Mapping filter: 'httpPutFormContentFilter' to: [/*]
2018-11-15 09:38:31,332 [INFO] [localhost-startStop-1] org.springframework.boot.web.servlet.FilterRegistrationBean [AbstractFilterRegistrationBean.java : 245] Mapping filter: 'requestContextFilter' to: [/*]
2018-11-15 09:38:31,332 [INFO] [localhost-startStop-1] org.springframework.boot.web.servlet.FilterRegistrationBean [AbstractFilterRegistrationBean.java : 258] Mapping filter: 'xssFilter' to urls: [/*]
2018-11-15 09:38:31,333 [INFO] [localhost-startStop-1] org.springframework.boot.web.servlet.FilterRegistrationBean [AbstractFilterRegistrationBean.java : 258] Mapping filter: 'webStatFilter' to urls: [/*]
2018-11-15 09:38:31,334 [INFO] [localhost-startStop-1] org.springframework.boot.web.servlet.ServletRegistrationBean [ServletRegistrationBean.java : 187] Servlet dispatcherServlet mapped to [/]
2018-11-15 09:38:31,336 [INFO] [localhost-startStop-1] org.springframework.boot.web.servlet.ServletRegistrationBean [ServletRegistrationBean.java : 187] Servlet statViewServlet mapped to [/druid/*]
2018-11-15 09:38:31,587 [INFO] [main] c.a.d.spring.boot.autoconfigure.DruidDataSourceAutoConfigure [DruidDataSourceAutoConfigure.java : 56] Init DruidDataSource
2018-11-15 09:38:32,635 [INFO] [main] com.alibaba.druid.pool.DruidDataSource [DruidDataSource.java : 930] {dataSource-1} inited
2018-11-15 09:38:34,256 [INFO] [main] o.s.w.s.mvc.method.annotation.RequestMappingHandlerMapping [AbstractHandlerMethodMapping.java : 549] Mapped "{[/api/login],methods=[POST]}" onto public io.turing.common.utils.R io.turing.controller.ApiLoginController.login(io.turing.form.LoginForm)
2018-11-15 09:38:34,259 [INFO] [main] o.s.w.s.mvc.method.annotation.RequestMappingHandlerMapping [AbstractHandlerMethodMapping.java : 549] Mapped "{[/api/logout],methods=[POST]}" onto public io.turing.common.utils.R io.turing.controller.ApiLoginController.logout(long)
2018-11-15 09:38:34,261 [INFO] [main] o.s.w.s.mvc.method.annotation.RequestMappingHandlerMapping [AbstractHandlerMethodMapping.java : 549] Mapped "{[/api/register],methods=[POST]}" onto public io.turing.common.utils.R io.turing.controller.ApiRegisterController.register(io.turing.form.RegisterForm)
2018-11-15 09:38:34,267 [INFO] [main] o.s.w.s.mvc.method.annotation.RequestMappingHandlerMapping [AbstractHandlerMethodMapping.java : 549] Mapped "{[/api/userId],methods=[GET]}" onto public io.turing.common.utils.R io.turing.controller.ApiTestController.userInfo(java.lang.Integer)
2018-11-15 09:38:34,268 [INFO] [main] o.s.w.s.mvc.method.annotation.RequestMappingHandlerMapping [AbstractHandlerMethodMapping.java : 549] Mapped "{[/api/userInfo],methods=[GET]}" onto public io.turing.common.utils.R io.turing.controller.ApiTestController.userInfo(io.turing.entity.UserEntity)
2018-11-15 09:38:34,270 [INFO] [main] o.s.w.s.mvc.method.annotation.RequestMappingHandlerMapping [AbstractHandlerMethodMapping.java : 549] Mapped "{[/api/notToken],methods=[GET]}" onto public io.turing.common.utils.R io.turing.controller.ApiTestController.notToken()
2018-11-15 09:38:34,277 [INFO] [main] o.s.w.s.mvc.method.annotation.RequestMappingHandlerMapping [AbstractHandlerMethodMapping.java : 549] Mapped "{[/swagger-resources/configuration/security]}" onto public org.springframework.http.ResponseEntity<springfox.documentation.swagger.web.SecurityConfiguration> springfox.documentation.swagger.web.ApiResourceController.securityConfiguration()
2018-11-15 09:38:34,279 [INFO] [main] o.s.w.s.mvc.method.annotation.RequestMappingHandlerMapping [AbstractHandlerMethodMapping.java : 549] Mapped "{[/swagger-resources/configuration/ui]}" onto public org.springframework.http.ResponseEntity<springfox.documentation.swagger.web.UiConfiguration> springfox.documentation.swagger.web.ApiResourceController.uiConfiguration()
2018-11-15 09:38:34,281 [INFO] [main] o.s.w.s.mvc.method.annotation.RequestMappingHandlerMapping [AbstractHandlerMethodMapping.java : 549] Mapped "{[/swagger-resources]}" onto public org.springframework.http.ResponseEntity<java.util.List<springfox.documentation.swagger.web.SwaggerResource>> springfox.documentation.swagger.web.ApiResourceController.swaggerResources()
2018-11-15 09:38:34,288 [INFO] [main] o.s.w.s.mvc.method.annotation.RequestMappingHandlerMapping [AbstractHandlerMethodMapping.java : 549] Mapped "{[/error]}" onto public org.springframework.http.ResponseEntity<java.util.Map<java.lang.String, java.lang.Object>> org.springframework.boot.autoconfigure.web.servlet.error.BasicErrorController.error(javax.servlet.http.HttpServletRequest)
2018-11-15 09:38:34,289 [INFO] [main] o.s.w.s.mvc.method.annotation.RequestMappingHandlerMapping [AbstractHandlerMethodMapping.java : 549] Mapped "{[/error],produces=[text/html]}" onto public org.springframework.web.servlet.ModelAndView org.springframework.boot.autoconfigure.web.servlet.error.BasicErrorController.errorHtml(javax.servlet.http.HttpServletRequest,javax.servlet.http.HttpServletResponse)
2018-11-15 09:38:34,493 [INFO] [main] s.d.spring.web.PropertySourcedRequestMappingHandlerMapping [PropertySourcedRequestMappingHandlerMapping.java : 69] Mapped URL path [/v2/api-docs] onto method [public org.springframework.http.ResponseEntity<springfox.documentation.spring.web.json.Json> springfox.documentation.swagger2.web.Swagger2Controller.getDocumentation(java.lang.String,javax.servlet.http.HttpServletRequest)]
2018-11-15 09:38:34,680 [INFO] [main] o.s.web.servlet.handler.SimpleUrlHandlerMapping [AbstractUrlHandlerMapping.java : 373] Mapped URL path [/**/favicon.ico] onto handler of type [class org.springframework.web.servlet.resource.ResourceHttpRequestHandler]
2018-11-15 09:38:34,983 [INFO] [main] o.s.w.s.mvc.method.annotation.RequestMappingHandlerAdapter [RequestMappingHandlerAdapter.java : 588] Looking for @ControllerAdvice: org.springframework.boot.web.servlet.context.AnnotationConfigServletWebServerApplicationContext@5136d012: startup date [Thu Nov 15 09:38:28 CST 2018]; root of context hierarchy
2018-11-15 09:38:35,087 [INFO] [main] o.s.web.servlet.handler.SimpleUrlHandlerMapping [AbstractUrlHandlerMapping.java : 373] Mapped URL path [/webjars/**] onto handler of type [class org.springframework.web.servlet.resource.ResourceHttpRequestHandler]
2018-11-15 09:38:35,087 [INFO] [main] o.s.web.servlet.handler.SimpleUrlHandlerMapping [AbstractUrlHandlerMapping.java : 373] Mapped URL path [/**] onto handler of type [class org.springframework.web.servlet.resource.ResourceHttpRequestHandler]
2018-11-15 09:38:35,123 [INFO] [main] o.s.w.s.m.m.annotation.ExceptionHandlerExceptionResolver [ExceptionHandlerExceptionResolver.java : 288] Detected @ExceptionHandler methods in RRExceptionHandler
2018-11-15 09:38:35,644 [INFO] [main] org.springframework.ui.freemarker.SpringTemplateLoader [SpringTemplateLoader.java : 62] SpringTemplateLoader for FreeMarker: using resource loader [org.springframework.boot.web.servlet.context.AnnotationConfigServletWebServerApplicationContext@5136d012: startup date [Thu Nov 15 09:38:28 CST 2018]; root of context hierarchy] and template loader path [classpath:/templates/]
2018-11-15 09:38:35,646 [INFO] [main] o.s.web.servlet.view.freemarker.FreeMarkerConfigurer [FreeMarkerConfigurer.java : 131] ClassTemplateLoader for Spring macros added to FreeMarker configuration
2018-11-15 09:38:35,907 [INFO] [main] o.s.jmx.export.annotation.AnnotationMBeanExporter [MBeanExporter.java : 433] Registering beans for JMX exposure on startup
2018-11-15 09:38:35,909 [INFO] [main] o.s.jmx.export.annotation.AnnotationMBeanExporter [MBeanExporter.java : 895] Bean with name 'statFilter' has been autodetected for JMX exposure
2018-11-15 09:38:35,910 [INFO] [main] o.s.jmx.export.annotation.AnnotationMBeanExporter [MBeanExporter.java : 895] Bean with name 'dataSource' has been autodetected for JMX exposure
2018-11-15 09:38:35,919 [INFO] [main] o.s.jmx.export.annotation.AnnotationMBeanExporter [MBeanExporter.java : 668] Located MBean 'dataSource': registering with JMX server as MBean [com.alibaba.druid.spring.boot.autoconfigure:name=dataSource,type=DruidDataSourceWrapper]
2018-11-15 09:38:35,920 [INFO] [main] o.s.jmx.export.annotation.AnnotationMBeanExporter [MBeanExporter.java : 668] Located MBean 'statFilter': registering with JMX server as MBean [com.alibaba.druid.filter.stat:name=statFilter,type=StatFilter]
2018-11-15 09:38:35,928 [INFO] [main] o.springframework.context.support.DefaultLifecycleProcessor [DefaultLifecycleProcessor.java : 356] Starting beans in phase 2147483647
2018-11-15 09:38:35,928 [INFO] [main] s.d.spring.web.plugins.DocumentationPluginsBootstrapper [DocumentationPluginsBootstrapper.java : 147] Context refreshed
2018-11-15 09:38:36,245 [INFO] [main] s.d.spring.web.plugins.DocumentationPluginsBootstrapper [DocumentationPluginsBootstrapper.java : 150] Found 1 custom documentation plugin(s)
2018-11-15 09:38:36,300 [INFO] [main] s.d.spring.web.scanners.ApiListingReferenceScanner [ApiListingReferenceScanner.java : 41] Scanning for api listing references
2018-11-15 09:38:36,553 [INFO] [main] s.d.s.web.readers.operation.CachingOperationNameGenerator [CachingOperationNameGenerator.java : 40] Generating unique operation named: userInfoUsingGET_1
2018-11-15 09:38:36,629 [INFO] [main] org.springframework.boot.web.embedded.tomcat.TomcatWebServer [TomcatWebServer.java : 206] Tomcat started on port(s): 8081 (http) with context path '/turing-api'
2018-11-15 09:38:36,635 [INFO] [main] io.turing.ApiApplication [StartupInfoLogger.java : 59] Started ApiApplication in 9.501 seconds (JVM running for 10.03)
2018-11-15 09:39:16,153 [INFO] [Thread-3] o.s.b.w.s.c.AnnotationConfigServletWebServerApplicationContext [AbstractApplicationContext.java : 993] Closing org.springframework.boot.web.servlet.context.AnnotationConfigServletWebServerApplicationContext@5136d012: startup date [Thu Nov 15 09:38:28 CST 2018]; root of context hierarchy
2018-11-15 09:39:16,157 [INFO] [Thread-3] o.springframework.context.support.DefaultLifecycleProcessor [DefaultLifecycleProcessor.java : 369] Stopping beans in phase 2147483647
2018-11-15 09:39:16,161 [INFO] [Thread-3] o.s.jmx.export.annotation.AnnotationMBeanExporter [MBeanExporter.java : 451] Unregistering JMX-exposed beans on shutdown
2018-11-15 09:39:16,164 [INFO] [Thread-3] o.s.jmx.export.annotation.AnnotationMBeanExporter [MBeanRegistrationSupport.java : 185] Unregistering JMX-exposed beans
2018-11-15 09:39:16,201 [INFO] [Thread-3] com.alibaba.druid.pool.DruidDataSource [DruidDataSource.java : 1825] {dataSource-1} closed
2018-11-15 10:53:18,503 [INFO] [main] io.turing.ApiApplication [StartupInfoLogger.java : 50] Starting ApiApplication on ChuMacBook-Pro.local with PID 4312 (/Users/code/x-security/turing-security/turing-api/target/classes started by chu in /Users/code/x-security/turing-security/turing-api)
2018-11-15 10:53:18,512 [INFO] [main] io.turing.ApiApplication [SpringApplication.java : 684] The following profiles are active: dev
2018-11-15 10:53:18,674 [INFO] [main] o.s.b.w.s.c.AnnotationConfigServletWebServerApplicationContext [AbstractApplicationContext.java : 590] Refreshing org.springframework.boot.web.servlet.context.AnnotationConfigServletWebServerApplicationContext@2beee7ff: startup date [Thu Nov 15 10:53:18 CST 2018]; root of context hierarchy
2018-11-15 10:53:20,106 [INFO] [main] o.s.data.repository.config.RepositoryConfigurationDelegate [RepositoryConfigurationDelegate.java : 172] Multiple Spring Data modules found, entering strict repository configuration mode!
2018-11-15 10:53:21,100 [INFO] [main] o.s.c.s.PostProcessorRegistrationDelegate$BeanPostProcessorChecker [PostProcessorRegistrationDelegate.java : 326] Bean 'org.springframework.transaction.annotation.ProxyTransactionManagementConfiguration' of type [org.springframework.transaction.annotation.ProxyTransactionManagementConfiguration$$EnhancerBySpringCGLIB$$9ef7f99e] is not eligible for getting processed by all BeanPostProcessors (for example: not eligible for auto-proxying)
2018-11-15 10:53:22,058 [INFO] [main] org.springframework.boot.web.embedded.tomcat.TomcatWebServer [TomcatWebServer.java : 91] Tomcat initialized with port(s): 8081 (http)
2018-11-15 10:53:22,101 [INFO] [main] org.apache.catalina.core.StandardService [DirectJDKLog.java : 180] Starting service [Tomcat]
2018-11-15 10:53:22,102 [INFO] [main] org.apache.catalina.core.StandardEngine [DirectJDKLog.java : 180] Starting Servlet Engine: Apache Tomcat/8.5.34
2018-11-15 10:53:22,122 [INFO] [localhost-startStop-1] org.apache.catalina.core.AprLifecycleListener [DirectJDKLog.java : 180] The APR based Apache Tomcat Native library which allows optimal performance in production environments was not found on the java.library.path: [/Users/Library/Java/Extensions:/Library/Java/Extensions:/Network/Library/Java/Extensions:/System/Library/Java/Extensions:/usr/lib/java:.]
2018-11-15 10:53:22,339 [INFO] [localhost-startStop-1] o.a.c.core.ContainerBase.[Tomcat].[localhost].[/turing-api] [DirectJDKLog.java : 180] Initializing Spring embedded WebApplicationContext
2018-11-15 10:53:22,340 [INFO] [localhost-startStop-1] org.springframework.web.context.ContextLoader [ServletWebServerApplicationContext.java : 285] Root WebApplicationContext: initialization completed in 3667 ms
2018-11-15 10:53:22,539 [INFO] [localhost-startStop-1] org.springframework.boot.web.servlet.FilterRegistrationBean [AbstractFilterRegistrationBean.java : 245] Mapping filter: 'characterEncodingFilter' to: [/*]
2018-11-15 10:53:22,540 [INFO] [localhost-startStop-1] org.springframework.boot.web.servlet.FilterRegistrationBean [AbstractFilterRegistrationBean.java : 245] Mapping filter: 'hiddenHttpMethodFilter' to: [/*]
2018-11-15 10:53:22,541 [INFO] [localhost-startStop-1] org.springframework.boot.web.servlet.FilterRegistrationBean [AbstractFilterRegistrationBean.java : 245] Mapping filter: 'httpPutFormContentFilter' to: [/*]
2018-11-15 10:53:22,542 [INFO] [localhost-startStop-1] org.springframework.boot.web.servlet.FilterRegistrationBean [AbstractFilterRegistrationBean.java : 245] Mapping filter: 'requestContextFilter' to: [/*]
2018-11-15 10:53:22,542 [INFO] [localhost-startStop-1] org.springframework.boot.web.servlet.FilterRegistrationBean [AbstractFilterRegistrationBean.java : 258] Mapping filter: 'xssFilter' to urls: [/*]
2018-11-15 10:53:22,543 [INFO] [localhost-startStop-1] org.springframework.boot.web.servlet.FilterRegistrationBean [AbstractFilterRegistrationBean.java : 258] Mapping filter: 'webStatFilter' to urls: [/*]
2018-11-15 10:53:22,543 [INFO] [localhost-startStop-1] org.springframework.boot.web.servlet.ServletRegistrationBean [ServletRegistrationBean.java : 187] Servlet dispatcherServlet mapped to [/]
2018-11-15 10:53:22,546 [INFO] [localhost-startStop-1] org.springframework.boot.web.servlet.ServletRegistrationBean [ServletRegistrationBean.java : 187] Servlet statViewServlet mapped to [/druid/*]
2018-11-15 10:53:22,824 [INFO] [main] c.a.d.spring.boot.autoconfigure.DruidDataSourceAutoConfigure [DruidDataSourceAutoConfigure.java : 56] Init DruidDataSource
2018-11-15 10:53:24,127 [INFO] [main] com.alibaba.druid.pool.DruidDataSource [DruidDataSource.java : 930] {dataSource-1} inited
2018-11-15 10:53:26,205 [INFO] [main] o.s.w.s.mvc.method.annotation.RequestMappingHandlerMapping [AbstractHandlerMethodMapping.java : 549] Mapped "{[/api/login],methods=[POST]}" onto public io.turing.common.utils.R io.turing.controller.ApiLoginController.login(io.turing.form.LoginForm)
2018-11-15 10:53:26,209 [INFO] [main] o.s.w.s.mvc.method.annotation.RequestMappingHandlerMapping [AbstractHandlerMethodMapping.java : 549] Mapped "{[/api/logout],methods=[POST]}" onto public io.turing.common.utils.R io.turing.controller.ApiLoginController.logout(long)
2018-11-15 10:53:26,210 [INFO] [main] o.s.w.s.mvc.method.annotation.RequestMappingHandlerMapping [AbstractHandlerMethodMapping.java : 549] Mapped "{[/api/register],methods=[POST]}" onto public io.turing.common.utils.R io.turing.controller.ApiRegisterController.register(io.turing.form.RegisterForm)
2018-11-15 10:53:26,218 [INFO] [main] o.s.w.s.mvc.method.annotation.RequestMappingHandlerMapping [AbstractHandlerMethodMapping.java : 549] Mapped "{[/api/userId],methods=[GET]}" onto public io.turing.common.utils.R io.turing.controller.ApiTestController.userInfo(java.lang.Integer)
2018-11-15 10:53:26,219 [INFO] [main] o.s.w.s.mvc.method.annotation.RequestMappingHandlerMapping [AbstractHandlerMethodMapping.java : 549] Mapped "{[/api/userInfo],methods=[GET]}" onto public io.turing.common.utils.R io.turing.controller.ApiTestController.userInfo(io.turing.entity.UserEntity)
2018-11-15 10:53:26,220 [INFO] [main] o.s.w.s.mvc.method.annotation.RequestMappingHandlerMapping [AbstractHandlerMethodMapping.java : 549] Mapped "{[/api/notToken],methods=[GET]}" onto public io.turing.common.utils.R io.turing.controller.ApiTestController.notToken()
2018-11-15 10:53:26,228 [INFO] [main] o.s.w.s.mvc.method.annotation.RequestMappingHandlerMapping [AbstractHandlerMethodMapping.java : 549] Mapped "{[/swagger-resources/configuration/ui]}" onto public org.springframework.http.ResponseEntity<springfox.documentation.swagger.web.UiConfiguration> springfox.documentation.swagger.web.ApiResourceController.uiConfiguration()
2018-11-15 10:53:26,230 [INFO] [main] o.s.w.s.mvc.method.annotation.RequestMappingHandlerMapping [AbstractHandlerMethodMapping.java : 549] Mapped "{[/swagger-resources/configuration/security]}" onto public org.springframework.http.ResponseEntity<springfox.documentation.swagger.web.SecurityConfiguration> springfox.documentation.swagger.web.ApiResourceController.securityConfiguration()
2018-11-15 10:53:26,231 [INFO] [main] o.s.w.s.mvc.method.annotation.RequestMappingHandlerMapping [AbstractHandlerMethodMapping.java : 549] Mapped "{[/swagger-resources]}" onto public org.springframework.http.ResponseEntity<java.util.List<springfox.documentation.swagger.web.SwaggerResource>> springfox.documentation.swagger.web.ApiResourceController.swaggerResources()
2018-11-15 10:53:26,238 [INFO] [main] o.s.w.s.mvc.method.annotation.RequestMappingHandlerMapping [AbstractHandlerMethodMapping.java : 549] Mapped "{[/error]}" onto public org.springframework.http.ResponseEntity<java.util.Map<java.lang.String, java.lang.Object>> org.springframework.boot.autoconfigure.web.servlet.error.BasicErrorController.error(javax.servlet.http.HttpServletRequest)
2018-11-15 10:53:26,240 [INFO] [main] o.s.w.s.mvc.method.annotation.RequestMappingHandlerMapping [AbstractHandlerMethodMapping.java : 549] Mapped "{[/error],produces=[text/html]}" onto public org.springframework.web.servlet.ModelAndView org.springframework.boot.autoconfigure.web.servlet.error.BasicErrorController.errorHtml(javax.servlet.http.HttpServletRequest,javax.servlet.http.HttpServletResponse)
2018-11-15 10:53:26,624 [INFO] [main] s.d.spring.web.PropertySourcedRequestMappingHandlerMapping [PropertySourcedRequestMappingHandlerMapping.java : 69] Mapped URL path [/v2/api-docs] onto method [public org.springframework.http.ResponseEntity<springfox.documentation.spring.web.json.Json> springfox.documentation.swagger2.web.Swagger2Controller.getDocumentation(java.lang.String,javax.servlet.http.HttpServletRequest)]
2018-11-15 10:53:26,861 [INFO] [main] o.s.web.servlet.handler.SimpleUrlHandlerMapping [AbstractUrlHandlerMapping.java : 373] Mapped URL path [/**/favicon.ico] onto handler of type [class org.springframework.web.servlet.resource.ResourceHttpRequestHandler]
2018-11-15 10:53:27,162 [INFO] [main] o.s.w.s.mvc.method.annotation.RequestMappingHandlerAdapter [RequestMappingHandlerAdapter.java : 588] Looking for @ControllerAdvice: org.springframework.boot.web.servlet.context.AnnotationConfigServletWebServerApplicationContext@2beee7ff: startup date [Thu Nov 15 10:53:18 CST 2018]; root of context hierarchy
2018-11-15 10:53:27,276 [INFO] [main] o.s.web.servlet.handler.SimpleUrlHandlerMapping [AbstractUrlHandlerMapping.java : 373] Mapped URL path [/webjars/**] onto handler of type [class org.springframework.web.servlet.resource.ResourceHttpRequestHandler]
2018-11-15 10:53:27,278 [INFO] [main] o.s.web.servlet.handler.SimpleUrlHandlerMapping [AbstractUrlHandlerMapping.java : 373] Mapped URL path [/**] onto handler of type [class org.springframework.web.servlet.resource.ResourceHttpRequestHandler]
2018-11-15 10:53:27,311 [INFO] [main] o.s.w.s.m.m.annotation.ExceptionHandlerExceptionResolver [ExceptionHandlerExceptionResolver.java : 288] Detected @ExceptionHandler methods in RRExceptionHandler
2018-11-15 10:53:27,804 [INFO] [main] org.springframework.ui.freemarker.SpringTemplateLoader [SpringTemplateLoader.java : 62] SpringTemplateLoader for FreeMarker: using resource loader [org.springframework.boot.web.servlet.context.AnnotationConfigServletWebServerApplicationContext@2beee7ff: startup date [Thu Nov 15 10:53:18 CST 2018]; root of context hierarchy] and template loader path [classpath:/templates/]
2018-11-15 10:53:27,806 [INFO] [main] o.s.web.servlet.view.freemarker.FreeMarkerConfigurer [FreeMarkerConfigurer.java : 131] ClassTemplateLoader for Spring macros added to FreeMarker configuration
2018-11-15 10:53:28,144 [INFO] [main] o.s.jmx.export.annotation.AnnotationMBeanExporter [MBeanExporter.java : 433] Registering beans for JMX exposure on startup
2018-11-15 10:53:28,148 [INFO] [main] o.s.jmx.export.annotation.AnnotationMBeanExporter [MBeanExporter.java : 895] Bean with name 'statFilter' has been autodetected for JMX exposure
2018-11-15 10:53:28,149 [INFO] [main] o.s.jmx.export.annotation.AnnotationMBeanExporter [MBeanExporter.java : 895] Bean with name 'dataSource' has been autodetected for JMX exposure
2018-11-15 10:53:28,163 [INFO] [main] o.s.jmx.export.annotation.AnnotationMBeanExporter [MBeanExporter.java : 668] Located MBean 'dataSource': registering with JMX server as MBean [com.alibaba.druid.spring.boot.autoconfigure:name=dataSource,type=DruidDataSourceWrapper]
2018-11-15 10:53:28,165 [INFO] [main] o.s.jmx.export.annotation.AnnotationMBeanExporter [MBeanExporter.java : 668] Located MBean 'statFilter': registering with JMX server as MBean [com.alibaba.druid.filter.stat:name=statFilter,type=StatFilter]
2018-11-15 10:53:28,171 [INFO] [main] o.springframework.context.support.DefaultLifecycleProcessor [DefaultLifecycleProcessor.java : 356] Starting beans in phase 2147483647
2018-11-15 10:53:28,172 [INFO] [main] s.d.spring.web.plugins.DocumentationPluginsBootstrapper [DocumentationPluginsBootstrapper.java : 147] Context refreshed
2018-11-15 10:53:28,439 [INFO] [main] s.d.spring.web.plugins.DocumentationPluginsBootstrapper [DocumentationPluginsBootstrapper.java : 150] Found 1 custom documentation plugin(s)
2018-11-15 10:53:28,496 [INFO] [main] s.d.spring.web.scanners.ApiListingReferenceScanner [ApiListingReferenceScanner.java : 41] Scanning for api listing references
2018-11-15 10:53:28,753 [INFO] [main] s.d.s.web.readers.operation.CachingOperationNameGenerator [CachingOperationNameGenerator.java : 40] Generating unique operation named: userInfoUsingGET_1
2018-11-15 10:53:28,843 [INFO] [main] org.springframework.boot.web.embedded.tomcat.TomcatWebServer [TomcatWebServer.java : 206] Tomcat started on port(s): 8081 (http) with context path '/turing-api'
2018-11-15 10:53:28,852 [INFO] [main] io.turing.ApiApplication [StartupInfoLogger.java : 59] Started ApiApplication in 11.236 seconds (JVM running for 11.766)
2018-11-15 10:54:29,919 [INFO] [http-nio-8081-exec-4] o.a.c.core.ContainerBase.[Tomcat].[localhost].[/turing-api] [DirectJDKLog.java : 180] Initializing Spring FrameworkServlet 'dispatcherServlet'
2018-11-15 10:54:29,920 [INFO] [http-nio-8081-exec-4] org.springframework.web.servlet.DispatcherServlet [FrameworkServlet.java : 494] FrameworkServlet 'dispatcherServlet': initialization started
2018-11-15 10:54:29,968 [INFO] [http-nio-8081-exec-4] org.springframework.web.servlet.DispatcherServlet [FrameworkServlet.java : 509] FrameworkServlet 'dispatcherServlet': initialization completed in 48 ms
2018-11-15 10:55:57,302 [INFO] [Thread-3] o.s.b.w.s.c.AnnotationConfigServletWebServerApplicationContext [AbstractApplicationContext.java : 993] Closing org.springframework.boot.web.servlet.context.AnnotationConfigServletWebServerApplicationContext@2beee7ff: startup date [Thu Nov 15 10:53:18 CST 2018]; root of context hierarchy
2018-11-15 10:55:57,310 [INFO] [Thread-3] o.springframework.context.support.DefaultLifecycleProcessor [DefaultLifecycleProcessor.java : 369] Stopping beans in phase 2147483647
2018-11-15 10:55:57,312 [INFO] [Thread-3] o.s.jmx.export.annotation.AnnotationMBeanExporter [MBeanExporter.java : 451] Unregistering JMX-exposed beans on shutdown
2018-11-15 10:55:57,313 [INFO] [Thread-3] o.s.jmx.export.annotation.AnnotationMBeanExporter [MBeanRegistrationSupport.java : 185] Unregistering JMX-exposed beans
2018-11-15 10:55:57,350 [INFO] [Thread-3] com.alibaba.druid.pool.DruidDataSource [DruidDataSource.java : 1825] {dataSource-1} closed
